<?xml version="1.0" encoding="UTF-8"?>
<!-- Generated by org.testng.reporters.JUnitReportReporter -->
<testsuite hostname="LAPTOP-J0OINBC5" name="com.training.sanity.tests.LoginTests" tests="1" failures="0" timestamp="4 Mar 2020 07:57:13 GMT" time="34.389" errors="0">
  <testcase name="filtercustomerdetails" time="34.389" classname="com.training.sanity.tests.LoginTests"/>
</testsuite> <!-- com.training.sanity.tests.LoginTests -->
