<?xml version="1.0" encoding="UTF-8"?>
<!-- Generated by org.testng.reporters.JUnitReportReporter -->
<testsuite hostname="LAPTOP-J0OINBC5" name="com.training.sanity.tests.Medium_tc" tests="1" failures="0" timestamp="5 Mar 2020 09:52:04 GMT" time="52.531" errors="0">
  <testcase name="Searchproduct" time="52.531" classname="com.training.sanity.tests.Medium_tc"/>
</testsuite> <!-- com.training.sanity.tests.Medium_tc -->
