<?xml version="1.0" encoding="UTF-8"?>
<!-- Generated by org.testng.reporters.JUnitReportReporter -->
<testsuite hostname="LAPTOP-J0OINBC5" name="com.training.sanity.tests.Medium_tc" tests="1" failures="0" timestamp="4 Mar 2020 14:12:10 GMT" time="38.904" errors="0">
  <testcase name="DeleteProduct" time="38.904" classname="com.training.sanity.tests.Medium_tc"/>
</testsuite> <!-- com.training.sanity.tests.Medium_tc -->
