<?xml version="1.0" encoding="UTF-8"?>
<!-- Generated by org.testng.reporters.JUnitReportReporter -->
<testsuite hostname="LAPTOP-J0OINBC5" name="com.training.sanity.tests.LoginTests" tests="1" failures="0" timestamp="4 Mar 2020 09:43:09 GMT" time="31.500" errors="0">
  <testcase name="deleteCustomer" time="31.500" classname="com.training.sanity.tests.LoginTests"/>
</testsuite> <!-- com.training.sanity.tests.LoginTests -->
